<?xml version="1.0" encoding="UTF-8"?>
<!-- Generated by org.testng.reporters.JUnitReportReporter -->
<testsuite hostname="LTIN147859" failures="0" tests="3" name="TestSuite.AllTest" time="117.365" errors="0" timestamp="2023-06-23T14:06:36 IST" skipped="0">
  <testcase classname="TestSuite.AllTest" name="testOne" time="20.990"/>
  <testcase classname="TestSuite.AllTest" name="testTwo" time="80.169"/>
  <testcase classname="TestSuite.AllTest" name="testThree" time="16.206"/>
</testsuite> <!-- TestSuite.AllTest -->
